Flow report for lab7_daniel
Tue Nov 03 20:30:21 2020
Quartus Prime Version 18.1.0 Build 625 09/12/2018 SJ Lite Edition


---------------------
; Table of Contents ;
---------------------
  1. Legal Notice
  2. Flow Summary
  3. Flow Settings
  4. Flow Non-Default Global Settings
  5. Flow Elapsed Time
  6. Flow OS Summary
  7. Flow Log
  8. Flow Messages
  9. Flow Suppressed Messages



----------------
; Legal Notice ;
----------------
Copyright (C) 2018  Intel Corporation. All rights reserved.
Your use of Intel Corporation's design tools, logic functions 
and other software and tools, and its AMPP partner logic 
functions, and any output files from any of the foregoing 
(including device programming or simulation files), and any 
associated documentation or information are expressly subject 
to the terms and conditions of the Intel Program License 
Subscription Agreement, the Intel Quartus Prime License Agreement,
the Intel FPGA IP License Agreement, or other applicable license
agreement, including, without limitation, that your use is for
the sole purpose of programming logic devices manufactured by
Intel and sold by Intel or its authorized distributors.  Please
refer to the applicable agreement for further details.



+----------------------------------------------------------------------------------+
; Flow Summary                                                                     ;
+------------------------------------+---------------------------------------------+
; Flow Status                        ; Successful - Tue Nov 03 20:30:21 2020       ;
; Quartus Prime Version              ; 18.1.0 Build 625 09/12/2018 SJ Lite Edition ;
; Revision Name                      ; lab7_daniel                                 ;
; Top-level Entity Name              ; lab8                                        ;
; Family                             ; MAX 10                                      ;
; Device                             ; 10M50DAF484C7G                              ;
; Timing Models                      ; Final                                       ;
; Total logic elements               ; 4,008 / 49,760 ( 8 % )                      ;
;     Total combinational functions  ; 3,419 / 49,760 ( 7 % )                      ;
;     Dedicated logic registers      ; 2,443 / 49,760 ( 5 % )                      ;
; Total registers                    ; 2512                                        ;
; Total pins                         ; 141 / 360 ( 39 % )                          ;
; Total virtual pins                 ; 0                                           ;
; Total memory bits                  ; 11,392 / 1,677,312 ( < 1 % )                ;
; Embedded Multiplier 9-bit elements ; 4 / 288 ( 1 % )                             ;
; Total PLLs                         ; 1 / 4 ( 25 % )                              ;
; UFM blocks                         ; 0 / 1 ( 0 % )                               ;
; ADC blocks                         ; 0 / 2 ( 0 % )                               ;
+------------------------------------+---------------------------------------------+


+-----------------------------------------+
; Flow Settings                           ;
+-------------------+---------------------+
; Option            ; Setting             ;
+-------------------+---------------------+
; Start date & time ; 11/03/2020 20:29:02 ;
; Main task         ; Compilation         ;
; Revision Name     ; lab7_daniel         ;
+-------------------+---------------------+


+-------------------------------------------------------------------------------------------------------------------------------------------------------+
; Flow Non-Default Global Settings                                                                                                                      ;
+-------------------------------------+------------------------------------------------------------+---------------+-------------------+----------------+
; Assignment Name                     ; Value                                                      ; Default Value ; Entity Name       ; Section Id     ;
+-------------------------------------+------------------------------------------------------------+---------------+-------------------+----------------+
; COMPILER_SIGNATURE_ID               ; 5311875571294.160445694201324                              ; --            ; --                ; --             ;
; EDA_OUTPUT_DATA_FORMAT              ; Systemverilog Hdl                                          ; --            ; --                ; eda_simulation ;
; EDA_SIMULATION_TOOL                 ; ModelSim-Altera (SystemVerilog)                            ; <None>        ; --                ; --             ;
; EDA_TIME_SCALE                      ; 1 ps                                                       ; --            ; --                ; eda_simulation ;
; MAX_CORE_JUNCTION_TEMP              ; 85                                                         ; --            ; --                ; --             ;
; MIN_CORE_JUNCTION_TEMP              ; 0                                                          ; --            ; --                ; --             ;
; MISC_FILE                           ; lab8_soc/synthesis/../lab8_soc.cmp                         ; --            ; --                ; --             ;
; MISC_FILE                           ; lab8_soc/synthesis/../../lab8_soc.qsys                     ; --            ; --                ; --             ;
; OUTPUT_IO_TIMING_FAR_END_VMEAS      ; Half Signal Swing                                          ; --            ; --                ; --             ;
; OUTPUT_IO_TIMING_FAR_END_VMEAS      ; Half Signal Swing                                          ; --            ; --                ; --             ;
; OUTPUT_IO_TIMING_NEAR_END_VMEAS     ; Half Vccio                                                 ; --            ; --                ; --             ;
; OUTPUT_IO_TIMING_NEAR_END_VMEAS     ; Half Vccio                                                 ; --            ; --                ; --             ;
; PARTITION_COLOR                     ; -- (Not supported for targeted family)                     ; --            ; DE10_LITE_Default ; Top            ;
; PARTITION_COLOR                     ; -- (Not supported for targeted family)                     ; --            ; lab8              ; Top            ;
; PARTITION_FITTER_PRESERVATION_LEVEL ; -- (Not supported for targeted family)                     ; --            ; DE10_LITE_Default ; Top            ;
; PARTITION_FITTER_PRESERVATION_LEVEL ; -- (Not supported for targeted family)                     ; --            ; lab8              ; Top            ;
; PARTITION_NETLIST_TYPE              ; -- (Not supported for targeted family)                     ; --            ; DE10_LITE_Default ; Top            ;
; PARTITION_NETLIST_TYPE              ; -- (Not supported for targeted family)                     ; --            ; lab8              ; Top            ;
; POWER_BOARD_THERMAL_MODEL           ; None (CONSERVATIVE)                                        ; --            ; --                ; --             ;
; POWER_PRESET_COOLING_SOLUTION       ; 23 MM HEAT SINK WITH 200 LFPM AIRFLOW                      ; --            ; --                ; --             ;
; PROJECT_OUTPUT_DIRECTORY            ; output_files                                               ; --            ; --                ; --             ;
; SLD_FILE                            ; lab8_soc/synthesis/lab8_soc.regmap                         ; --            ; --                ; --             ;
; SLD_FILE                            ; lab8_soc/synthesis/lab8_soc.debuginfo                      ; --            ; --                ; --             ;
; SLD_INFO                            ; QSYS_NAME lab8_soc HAS_SOPCINFO 1 GENERATION_ID 1603346568 ; --            ; lab8_soc          ; --             ;
; SOPCINFO_FILE                       ; lab8_soc/synthesis/../../lab8_soc.sopcinfo                 ; --            ; --                ; --             ;
; SYNTHESIS_ONLY_QIP                  ; On                                                         ; --            ; --                ; --             ;
; TOP_LEVEL_ENTITY                    ; lab8                                                       ; lab7_daniel   ; --                ; --             ;
+-------------------------------------+------------------------------------------------------------+---------------+-------------------+----------------+


+--------------------------------------------------------------------------------------------------------------------------+
; Flow Elapsed Time                                                                                                        ;
+----------------------+--------------+-------------------------+---------------------+------------------------------------+
; Module Name          ; Elapsed Time ; Average Processors Used ; Peak Virtual Memory ; Total CPU Time (on all processors) ;
+----------------------+--------------+-------------------------+---------------------+------------------------------------+
; Analysis & Synthesis ; 00:00:36     ; 1.0                     ; 4988 MB             ; 00:00:56                           ;
; Fitter               ; 00:00:22     ; 1.4                     ; 5863 MB             ; 00:00:37                           ;
; Assembler            ; 00:00:04     ; 1.0                     ; 4725 MB             ; 00:00:03                           ;
; Timing Analyzer      ; 00:00:06     ; 1.8                     ; 4924 MB             ; 00:00:10                           ;
; EDA Netlist Writer   ; 00:00:02     ; 1.0                     ; 4745 MB             ; 00:00:02                           ;
; Total                ; 00:01:10     ; --                      ; --                  ; 00:01:48                           ;
+----------------------+--------------+-------------------------+---------------------+------------------------------------+


+------------------------------------------------------------------------------------+
; Flow OS Summary                                                                    ;
+----------------------+------------------+------------+------------+----------------+
; Module Name          ; Machine Hostname ; OS Name    ; OS Version ; Processor type ;
+----------------------+------------------+------------+------------+----------------+
; Analysis & Synthesis ; DESKTOP-E308KOO  ; Windows 10 ; 10.0       ; x86_64         ;
; Fitter               ; DESKTOP-E308KOO  ; Windows 10 ; 10.0       ; x86_64         ;
; Assembler            ; DESKTOP-E308KOO  ; Windows 10 ; 10.0       ; x86_64         ;
; Timing Analyzer      ; DESKTOP-E308KOO  ; Windows 10 ; 10.0       ; x86_64         ;
; EDA Netlist Writer   ; DESKTOP-E308KOO  ; Windows 10 ; 10.0       ; x86_64         ;
+----------------------+------------------+------------+------------+----------------+


------------
; Flow Log ;
------------
quartus_map --read_settings_files=on --write_settings_files=off lab8 -c lab7_daniel
quartus_fit --read_settings_files=off --write_settings_files=off lab8 -c lab7_daniel
quartus_asm --read_settings_files=off --write_settings_files=off lab8 -c lab7_daniel
quartus_sta lab8 -c lab7_daniel
quartus_eda --read_settings_files=off --write_settings_files=off lab8 -c lab7_daniel



